<?xml version="1.0" encoding="UTF-8"?>
<!-- Generated by org.testng.reporters.JUnitXMLReporter -->
<testsuite ignored="0" hostname="DESKTOP-HDG8ULN" failures="0" tests="2" name="ChromeTest" time="48.807" errors="0" timestamp="2022-02-04T18:17:53 IST">
  <testcase classname="test.VerifyHeaderOfActitime" name="@BeforeMethod loginActiTime" time="30.146">
    <failure type="java.io.FileNotFoundException" message="C:\Users\kamle\OneDrive\Desktop\ExcelSheets\Credentials.xlsx (The system cannot find the path specified)">
      <![CDATA[java.io.FileNotFoundException: C:\Users\kamle\OneDrive\Desktop\ExcelSheets\Credentials.xlsx (The system cannot find the path specified)
at java.base/java.io.FileInputStream.open0(Native Method)
at java.base/java.io.FileInputStream.open(FileInputStream.java:211)
at java.base/java.io.FileInputStream.<init>(FileInputStream.java:153)
at java.base/java.io.FileInputStream.<init>(FileInputStream.java:108)
at util.Utility.getDataFromExcelsheet(Utility.java:23)
at pom.LoginPage.sendUsername(LoginPage.java:35)
at test.VerifyHeaderOfActitime.loginActiTime(VerifyHeaderOfActitime.java:81)
at java.base/java.util.ArrayList.forEach(ArrayList.java:1511)
... Removed 31 stack frames]]>
    </failure>
  </testcase> <!-- @BeforeMethod loginActiTime -->
  <testcase classname="test.VerifyHeaderOfActitime" name="@AfterMethod logoutActitimeHeader" time="0.0">
    <skipped/>
  </testcase> <!-- @AfterMethod logoutActitimeHeader -->
  <testcase classname="test.VerifyHeaderOfActitime" name="@BeforeMethod loginActiTime" time="0.0">
    <skipped/>
  </testcase> <!-- @BeforeMethod loginActiTime -->
  <testcase classname="test.VerifyHeaderOfActitime" name="@AfterMethod logoutActitimeHeader" time="0.0">
    <skipped/>
  </testcase> <!-- @AfterMethod logoutActitimeHeader -->
  <testcase classname="test.VerifyHeaderOfActitime" name="@AfterClass Clearobjects" time="0.0">
    <skipped/>
  </testcase> <!-- @AfterClass Clearobjects -->
  <testcase classname="test.VerifyHeaderOfActitime" name="@AfterTest closeBrowser" time="0.0">
    <skipped/>
  </testcase> <!-- @AfterTest closeBrowser -->
  <testcase classname="test.VerifyHeaderOfActitime" name="toVerifyReportTab" time="0.001">
    <skipped/>
  </testcase> <!-- toVerifyReportTab -->
  <testcase classname="test.VerifyHeaderOfActitime" name="toVerifyUserTab" time="0.0">
    <skipped/>
  </testcase> <!-- toVerifyUserTab -->
</testsuite> <!-- ChromeTest -->
