<?xml version="1.0" encoding="UTF-8"?>
<!-- Generated by org.testng.reporters.JUnitXMLReporter -->
<testsuite ignored="0" hostname="DESKTOP-HDG8ULN" failures="0" tests="2" name="FirefoxTest" time="137.213" errors="0" timestamp="2022-02-04T18:20:11 IST">
  <testcase classname="test.VerifyHeaderOfActitime" name="@BeforeTest lauchBrowser" time="137.108">
    <failure type="org.openqa.selenium.TimeoutException" message="No connection could be made because the target machine actively refused it. (os error 10061)
Build info: version: &amp;apos;3.141.59&amp;apos;, revision: &amp;apos;e82be7d358&amp;apos;, time: &amp;apos;2018-11-14T08:17:03&amp;apos;
System info: host: &amp;apos;DESKTOP-HDG8ULN&amp;apos;, ip: &amp;apos;192.168.43.23&amp;apos;, os.name: &amp;apos;Windows 10&amp;apos;, os.arch: &amp;apos;amd64&amp;apos;, os.version: &amp;apos;10.0&amp;apos;, java.version: &amp;apos;16.0.2&amp;apos;
Driver info: driver.version: FirefoxDriver
remote stacktrace: ">
      <![CDATA[org.openqa.selenium.TimeoutException: No connection could be made because the target machine actively refused it. (os error 10061)
Build info: version: '3.141.59', revision: 'e82be7d358', time: '2018-11-14T08:17:03'
System info: host: 'DESKTOP-HDG8ULN', ip: '192.168.43.23', os.name: 'Windows 10', os.arch: 'amd64', os.version: '10.0', java.version: '16.0.2'
Driver info: driver.version: FirefoxDriver
remote stacktrace: 
at org.openqa.selenium.remote.W3CHandshakeResponse.lambda$errorHandler$0(W3CHandshakeResponse.java:62)
at org.openqa.selenium.remote.HandshakeResponse.lambda$getResponseFunction$0(HandshakeResponse.java:30)
at org.openqa.selenium.remote.ProtocolHandshake.lambda$createSession$0(ProtocolHandshake.java:126)
at java.base/java.util.stream.ReferencePipeline$3$1.accept(ReferencePipeline.java:197)
at java.base/java.util.Spliterators$ArraySpliterator.tryAdvance(Spliterators.java:958)
at java.base/java.util.stream.ReferencePipeline.forEachWithCancel(ReferencePipeline.java:129)
at java.base/java.util.stream.AbstractPipeline.copyIntoWithCancel(AbstractPipeline.java:502)
at java.base/java.util.stream.AbstractPipeline.copyInto(AbstractPipeline.java:488)
at java.base/java.util.stream.AbstractPipeline.wrapAndCopyInto(AbstractPipeline.java:474)
at java.base/java.util.stream.FindOps$FindOp.evaluateSequential(FindOps.java:150)
at java.base/java.util.stream.AbstractPipeline.evaluate(AbstractPipeline.java:234)
at java.base/java.util.stream.ReferencePipeline.findFirst(ReferencePipeline.java:647)
at org.openqa.selenium.remote.ProtocolHandshake.createSession(ProtocolHandshake.java:128)
at org.openqa.selenium.remote.ProtocolHandshake.createSession(ProtocolHandshake.java:74)
at org.openqa.selenium.remote.HttpCommandExecutor.execute(HttpCommandExecutor.java:136)
at org.openqa.selenium.remote.service.DriverCommandExecutor.execute(DriverCommandExecutor.java:83)
at org.openqa.selenium.remote.RemoteWebDriver.execute(RemoteWebDriver.java:552)
at org.openqa.selenium.remote.RemoteWebDriver.startSession(RemoteWebDriver.java:213)
at org.openqa.selenium.remote.RemoteWebDriver.<init>(RemoteWebDriver.java:131)
at org.openqa.selenium.firefox.FirefoxDriver.<init>(FirefoxDriver.java:147)
at org.openqa.selenium.firefox.FirefoxDriver.<init>(FirefoxDriver.java:125)
at base.Base.openFirefoxBrowser(Base.java:24)
at test.VerifyHeaderOfActitime.lauchBrowser(VerifyHeaderOfActitime.java:60)
... Removed 29 stack frames]]>
    </failure>
  </testcase> <!-- @BeforeTest lauchBrowser -->
  <testcase classname="test.VerifyHeaderOfActitime" name="@BeforeClass initializePomclasses" time="0.0">
    <skipped/>
  </testcase> <!-- @BeforeClass initializePomclasses -->
  <testcase classname="test.VerifyHeaderOfActitime" name="@BeforeMethod loginActiTime" time="0.0">
    <skipped/>
  </testcase> <!-- @BeforeMethod loginActiTime -->
  <testcase classname="test.VerifyHeaderOfActitime" name="@AfterMethod logoutActitimeHeader" time="0.0">
    <skipped/>
  </testcase> <!-- @AfterMethod logoutActitimeHeader -->
  <testcase classname="test.VerifyHeaderOfActitime" name="@BeforeMethod loginActiTime" time="0.0">
    <skipped/>
  </testcase> <!-- @BeforeMethod loginActiTime -->
  <testcase classname="test.VerifyHeaderOfActitime" name="@AfterMethod logoutActitimeHeader" time="0.0">
    <skipped/>
  </testcase> <!-- @AfterMethod logoutActitimeHeader -->
  <testcase classname="test.VerifyHeaderOfActitime" name="@AfterClass Clearobjects" time="0.0">
    <skipped/>
  </testcase> <!-- @AfterClass Clearobjects -->
  <testcase classname="test.VerifyHeaderOfActitime" name="@AfterTest closeBrowser" time="0.0">
    <skipped/>
  </testcase> <!-- @AfterTest closeBrowser -->
  <testcase classname="test.VerifyHeaderOfActitime" name="toVerifyReportTab" time="0.0">
    <skipped/>
  </testcase> <!-- toVerifyReportTab -->
  <testcase classname="test.VerifyHeaderOfActitime" name="toVerifyUserTab" time="0.0">
    <skipped/>
  </testcase> <!-- toVerifyUserTab -->
</testsuite> <!-- FirefoxTest -->
